<?xml version="1.0" encoding="UTF-8"?>
<testsuite xmlns:xsi="http://www.w3.org/2001/XMLSchema-instance" xsi:noNamespaceSchemaLocation="https://maven.apache.org/surefire/maven-surefire-plugin/xsd/surefire-test-report.xsd" name="tests.CreateCourierTest" time="5.773" tests="7" errors="0" skipped="0" failures="0">
  <properties>
[...]
</properties>
  <testcase name="creatingACourierNonUniqueLogin" classname="tests.CreateCourierTest" time="3.622"/>
  <testcase name="creationOfACourierNameIsEmpty" classname="tests.CreateCourierTest" time="0.502"/>
  <testcase name="creationOfACourierTheFieldsAreNotFilled" classname="tests.CreateCourierTest" time="0.211"/>
  <testcase name="creatingANewCourierValidData" classname="tests.CreateCourierTest" time="0.394"/>
  <testcase name="creationOfACourierPasswordIsEmpty" classname="tests.CreateCourierTest" time="0.196"/>
  <testcase name="creationOfACourierEmptyLogin" classname="tests.CreateCourierTest" time="0.211"/>
  <testcase name="creatingTwoDuplicateCouriers" classname="tests.CreateCourierTest" time="0.457"/>
</testsuite>